Job launching after 0.44 seconds in submission.
Running python job.
Changed into dir /Users/weisser/Dropbox (MIT)/MIT/Research/MLTools/Dalitz_simplified/spearmint/svm
Importing classifier_eval_wrapper.py
Running classifier_eval_wrapper.main()
/usr/local/lib/python2.7/site-packages/sklearn/svm/base.py:176: FutureWarning: elementwise comparison failed; returning scalar instead, but in the future will perform elementwise comparison
  (self.gamma == 'auto')):
/usr/local/lib/python2.7/site-packages/sklearn/svm/base.py:179: FutureWarning: elementwise comparison failed; returning scalar instead, but in the future will perform elementwise comparison
  elif self.gamma == 'auto':
Got result 0.591210801165
Completed successfully in 259.00 seconds. [{u'main': 0.59121080116474611}]

This script can be used to get the p value for classifiers. It takes input files with column vectors corresponding to features and lables. 
Then there are two different routes one can go down. When mode has a value of 1, then a grid search will be performed on 
one set of input files. If it is 2, then the hyperparemeter search is performed by spearmint. When the mode is turned off (0), 
then the p value is computed for multiple sets of input files and the p value distribution is plotted.  

Anything printed here will end up in the output directory for job #30
{u'aC': array([ 908.11202174]), u'agamma': array([ 0.02045433])}
[('/Users/weisser/MIT_Dropbox/MIT/Research/MLTools/Dalitz/dpmodel/data/data_optimisation.0.0.txt', '/Users/weisser/MIT_Dropbox/MIT/Research/MLTools/Dalitz/dpmodel/data/data_optimisation.200.1.txt')]
spearmint hyperparameter search mode
Operating of files :/Users/weisser/MIT_Dropbox/MIT/Research/MLTools/Dalitz/dpmodel/data/data_optimisation.0.0.txt   /Users/weisser/MIT_Dropbox/MIT/Research/MLTools/Dalitz/dpmodel/data/data_optimisation.200.1.txt
[[ 0.415288   0.430184 ]
 [ 0.311627   0.148895 ]
 [ 0.147805   0.350334 ]
 ..., 
 [ 0.0978715  0.404661 ]
 [ 0.580774   0.3748   ]
 [ 0.735955   0.173957 ]]
[ 1.  1.  1. ...,  1.  1.  1.]
Ks_2sampResult(statistic=0.029499999999999971, pvalue=0.34432562738841449)
Ks_2sampResult(statistic=0.019500000000000073, pvalue=0.83809597494107768)
[-0.34432563 -0.83809597]
