Job launching after 0.38 seconds in submission.
Running python job.
Changed into dir /Users/weisser/Dropbox (MIT)/MIT/Research/MLTools/Dalitz_simplified/spearmint/bdt
Importing classifier_eval_wrapper.py
Running classifier_eval_wrapper.main()
/usr/local/lib/python2.7/site-packages/sklearn/ensemble/weight_boosting.py:132: VisibleDeprecationWarning: using a non-integer number instead of an integer will result in an error in the future
  self.estimator_weights_ = np.zeros(self.n_estimators, dtype=np.float)
/usr/local/lib/python2.7/site-packages/numpy/core/numeric.py:190: VisibleDeprecationWarning: using a non-integer number instead of an integer will result in an error in the future
  a = empty(shape, dtype, order)
Got result 0.567938106235
Completed successfully in 14.65 seconds. [{u'main': 0.56793810623450569}]

This script can be used to get the p value for classifiers. It takes input files with column vectors corresponding to features and lables. 
Then there are two different routes one can go down. When mode has a value of 1, then a grid search will be performed on 
one set of input files. If it is 2, then the hyperparemeter search is performed by spearmint. When the mode is turned off (0), 
then the p value is computed for multiple sets of input files and the p value distribution is plotted.  

Anything printed here will end up in the output directory for job #38
{u'ano_estimators': array([ 21.46252441]), u'lrn_rate': array([ 0.33964233])}
[('/Users/weisser/MIT_Dropbox/MIT/Research/MLTools/Dalitz/dpmodel/data/data_optimisation.0.0.txt', '/Users/weisser/MIT_Dropbox/MIT/Research/MLTools/Dalitz/dpmodel/data/data_optimisation.200.1.txt')]
spearmint hyperparameter search mode
Operating of files :/Users/weisser/MIT_Dropbox/MIT/Research/MLTools/Dalitz/dpmodel/data/data_optimisation.0.0.txt   /Users/weisser/MIT_Dropbox/MIT/Research/MLTools/Dalitz/dpmodel/data/data_optimisation.200.1.txt
[[ 0.29297    0.443589 ]
 [ 0.284085   0.569741 ]
 [ 0.0832761  0.58854  ]
 ..., 
 [ 0.279643   0.525182 ]
 [ 0.701353   0.180471 ]
 [ 0.105964   0.29221  ]]
[ 0.  0.  0. ...,  1.  0.  0.]
Ks_2sampResult(statistic=0.024000000000000021, pvalue=0.60715761502421783)
Ks_2sampResult(statistic=0.025500000000000023, pvalue=0.52871859744479355)
[-0.60715762 -0.5287186 ]
