Job launching after 0.43 seconds in submission.
Running python job.
Changed into dir /Users/weisser/Dropbox (MIT)/MIT/Research/MLTools/Dalitz_simplified/spearmint/bdt
Importing classifier_eval_wrapper.py
Running classifier_eval_wrapper.main()
/usr/local/lib/python2.7/site-packages/sklearn/ensemble/weight_boosting.py:132: VisibleDeprecationWarning: using a non-integer number instead of an integer will result in an error in the future
  self.estimator_weights_ = np.zeros(self.n_estimators, dtype=np.float)
/usr/local/lib/python2.7/site-packages/numpy/core/numeric.py:190: VisibleDeprecationWarning: using a non-integer number instead of an integer will result in an error in the future
  a = empty(shape, dtype, order)
Traceback (most recent call last):
  File "/Users/weisser/Documents/Spearmint-master/spearmint/launcher.py", line 243, in launch
    result = python_launcher(job)
  File "/Users/weisser/Documents/Spearmint-master/spearmint/launcher.py", line 327, in python_launcher
    result = module.main(job['id'], params)
  File "/Users/weisser/Dropbox (MIT)/MIT/Research/MLTools/Dalitz_simplified/spearmint/bdt/classifier_eval_wrapper.py", line 21, in main
    result= classifier_eval_simplified.classifier_eval(2,args)
  File "../../classifier_eval_simplified.py", line 206, in classifier_eval
    scores = cross_validation.cross_val_score(clf,X,y,cv=acv,scoring=p_value_scoring_object.p_value_scoring_object)
  File "/usr/local/lib/python2.7/site-packages/sklearn/cross_validation.py", line 1433, in cross_val_score
    for train, test in cv)
  File "/usr/local/lib/python2.7/site-packages/sklearn/externals/joblib/parallel.py", line 800, in __call__
    while self.dispatch_one_batch(iterator):
  File "/usr/local/lib/python2.7/site-packages/sklearn/externals/joblib/parallel.py", line 658, in dispatch_one_batch
    self._dispatch(tasks)
  File "/usr/local/lib/python2.7/site-packages/sklearn/externals/joblib/parallel.py", line 566, in _dispatch
    job = ImmediateComputeBatch(batch)
  File "/usr/local/lib/python2.7/site-packages/sklearn/externals/joblib/parallel.py", line 180, in __init__
    self.results = batch()
  File "/usr/local/lib/python2.7/site-packages/sklearn/externals/joblib/parallel.py", line 72, in __call__
    return [func(*args, **kwargs) for func, args, kwargs in self.items]
  File "/usr/local/lib/python2.7/site-packages/sklearn/cross_validation.py", line 1531, in _fit_and_score
    estimator.fit(X_train, y_train, **fit_params)
  File "/usr/local/lib/python2.7/site-packages/sklearn/ensemble/weight_boosting.py", line 405, in fit
    return super(AdaBoostClassifier, self).fit(X, y, sample_weight)
  File "/usr/local/lib/python2.7/site-packages/sklearn/ensemble/weight_boosting.py", line 140, in fit
    sample_weight)
  File "/usr/local/lib/python2.7/site-packages/sklearn/ensemble/weight_boosting.py", line 462, in _boost
    return self._boost_real(iboost, X, y, sample_weight)
  File "/usr/local/lib/python2.7/site-packages/sklearn/ensemble/weight_boosting.py", line 478, in _boost_real
    y_predict_proba = estimator.predict_proba(X)
  File "/usr/local/lib/python2.7/site-packages/sklearn/tree/tree.py", line 677, in predict_proba
    normalizer = proba.sum(axis=1)[:, np.newaxis]
  File "/usr/local/lib/python2.7/site-packages/numpy/core/_methods.py", line 32, in _sum
    return umr_sum(a, axis, dtype, out, keepdims)
KeyboardInterrupt
Problem executing the function
Job failed in 1.77 seconds.

This script can be used to get the p value for classifiers. It takes input files with column vectors corresponding to features and lables. 
Then there are two different routes one can go down. When mode has a value of 1, then a grid search will be performed on 
one set of input files. If it is 2, then the hyperparemeter search is performed by spearmint. When the mode is turned off (0), 
then the p value is computed for multiple sets of input files and the p value distribution is plotted.  

Anything printed here will end up in the output directory for job #100
{u'ano_estimators': array([ 47.78088379]), u'lrn_rate': array([ 0.42126343])}
[('/Users/weisser/MIT_Dropbox/MIT/Research/MLTools/Dalitz/dpmodel/data/data_optimisation.0.0.txt', '/Users/weisser/MIT_Dropbox/MIT/Research/MLTools/Dalitz/dpmodel/data/data_optimisation.200.1.txt')]
spearmint hyperparameter search mode
Operating of files :/Users/weisser/MIT_Dropbox/MIT/Research/MLTools/Dalitz/dpmodel/data/data_optimisation.0.0.txt   /Users/weisser/MIT_Dropbox/MIT/Research/MLTools/Dalitz/dpmodel/data/data_optimisation.200.1.txt
[[ 0.152527   0.374234 ]
 [ 0.757537   0.166232 ]
 [ 0.80521    0.0938286]
 ..., 
 [ 0.467876   0.479894 ]
 [ 0.0867394  0.5555   ]
 [ 0.787272   0.133349 ]]
[ 0.  1.  0. ...,  0.  0.  1.]
(<type 'exceptions.KeyboardInterrupt'>, KeyboardInterrupt(), <traceback object at 0x112ed13b0>)
